# JRE version: OpenJDK Runtime Environment (24.0+36) (build 24+36-3646)
# Java VM: OpenJDK 64-Bit Server VM (24+36-3646, mixed mode, emulated-client, sharing, tiered, compressed oops, compressed class ptrs, g1 gc, windows-amd64)
GC Precious Log:
 CardTable entry size: 512
 Card Set container configuration: InlinePtr #cards 4 size 8 Array Of Cards #cards 16 size 48 Howl #buckets 8 coarsen threshold 3686 Howl Bitmap #cards 512 size 80 coarsen threshold 460 Card regions per heap region 1 cards per card region 4096
 CPUs: 8 total, 8 available
 Memory: 16112M
 Large Page Support: Disabled
 NUMA Support: Disabled
 Compressed Oops: Enabled (Zero based)
 Heap Region Size: 2M
 Heap Min Capacity: 8M
 Heap Initial Capacity: 252M
 Heap Max Capacity: 4030M
 Pre-touch: Disabled
 Parallel Workers: 8
 Concurrent Workers: 2
 Concurrent Refinement Workers: 8
 Periodic GC: Disabled
Heap:
 garbage-first heap   total reserved 4126720K, committed 90112K, used 70519K [0x0000000704200000, 0x0000000800000000)
  region size 2048K, 26 young (53248K), 4 survivors (8192K)
 Metaspace       used 74643K, committed 75200K, reserved 1179648K
  class space    used 8289K, committed 8512K, reserved 1048576K
GC Heap History (20 events):
Event: 1.562 GC heap before
{Heap before GC invocations=3 (full 0):
 garbage-first heap   total reserved 4126720K, committed 55296K, used 34817K [0x0000000704200000, 0x0000000800000000)
  region size 2048K, 16 young (32768K), 5 survivors (10240K)
 Metaspace       used 25235K, committed 25536K, reserved 1114112K
  class space    used 2563K, committed 2688K, reserved 1048576K
}
Event: 1.565 GC heap after
{Heap after GC invocations=4 (full 0):
 garbage-first heap   total reserved 4126720K, committed 55296K, used 13961K [0x0000000704200000, 0x0000000800000000)
  region size 2048K, 1 young (2048K), 1 survivors (2048K)
 Metaspace       used 25235K, committed 25536K, reserved 1114112K
  class space    used 2563K, committed 2688K, reserved 1048576K
}
Event: 1.842 GC heap before
{Heap before GC invocations=4 (full 0):
 garbage-first heap   total reserved 4126720K, committed 55296K, used 36489K [0x0000000704200000, 0x0000000800000000)
  region size 2048K, 12 young (24576K), 1 survivors (2048K)
 Metaspace       used 27189K, committed 27456K, reserved 1114112K
  class space    used 2754K, committed 2880K, reserved 1048576K
}
Event: 1.846 GC heap after
{Heap after GC invocations=5 (full 0):
 garbage-first heap   total reserved 4126720K, committed 55296K, used 15479K [0x0000000704200000, 0x0000000800000000)
  region size 2048K, 2 young (4096K), 2 survivors (4096K)
 Metaspace       used 27189K, committed 27456K, reserved 1114112K
  class space    used 2754K, committed 2880K, reserved 1048576K
}
Event: 2.156 GC heap before
{Heap before GC invocations=5 (full 0):
 garbage-first heap   total reserved 4126720K, committed 55296K, used 38007K [0x0000000704200000, 0x0000000800000000)
  region size 2048K, 14 young (28672K), 2 survivors (4096K)
 Metaspace       used 30015K, committed 30400K, reserved 1114112K
  class space    used 3122K, committed 3264K, reserved 1048576K
}
Event: 2.159 GC heap after
{Heap after GC invocations=6 (full 0):
 garbage-first heap   total reserved 4126720K, committed 55296K, used 17406K [0x0000000704200000, 0x0000000800000000)
  region size 2048K, 2 young (4096K), 2 survivors (4096K)
 Metaspace       used 30015K, committed 30400K, reserved 1114112K
  class space    used 3122K, committed 3264K, reserved 1048576K
}
Event: 2.407 GC heap before
{Heap before GC invocations=6 (full 0):
 garbage-first heap   total reserved 4126720K, committed 55296K, used 37886K [0x0000000704200000, 0x0000000800000000)
  region size 2048K, 13 young (26624K), 2 survivors (4096K)
 Metaspace       used 33092K, committed 33472K, reserved 1114112K
  class space    used 3493K, committed 3648K, reserved 1048576K
}
Event: 2.410 GC heap after
{Heap after GC invocations=7 (full 0):
 garbage-first heap   total reserved 4126720K, committed 55296K, used 19358K [0x0000000704200000, 0x0000000800000000)
  region size 2048K, 2 young (4096K), 2 survivors (4096K)
 Metaspace       used 33092K, committed 33472K, reserved 1114112K
  class space    used 3493K, committed 3648K, reserved 1048576K
}
Event: 2.648 GC heap before
{Heap before GC invocations=7 (full 0):
 garbage-first heap   total reserved 4126720K, committed 55296K, used 39838K [0x0000000704200000, 0x0000000800000000)
  region size 2048K, 13 young (26624K), 2 survivors (4096K)
 Metaspace       used 35887K, committed 36160K, reserved 1114112K
  class space    used 3792K, committed 3904K, reserved 1048576K
}
Event: 2.652 GC heap after
{Heap after GC invocations=8 (full 0):
 garbage-first heap   total reserved 4126720K, committed 55296K, used 20692K [0x0000000704200000, 0x0000000800000000)
  region size 2048K, 2 young (4096K), 2 survivors (4096K)
 Metaspace       used 35887K, committed 36160K, reserved 1114112K
  class space    used 3792K, committed 3904K, reserved 1048576K
}
Event: 3.075 GC heap before
{Heap before GC invocations=9 (full 0):
 garbage-first heap   total reserved 4126720K, committed 55296K, used 43220K [0x0000000704200000, 0x0000000800000000)
  region size 2048K, 13 young (26624K), 2 survivors (4096K)
 Metaspace       used 43682K, committed 44096K, reserved 1114112K
  class space    used 4569K, committed 4736K, reserved 1048576K
}
Event: 3.078 GC heap after
{Heap after GC invocations=10 (full 0):
 garbage-first heap   total reserved 4126720K, committed 55296K, used 22497K [0x0000000704200000, 0x0000000800000000)
  region size 2048K, 2 young (4096K), 2 survivors (4096K)
 Metaspace       used 43682K, committed 44096K, reserved 1114112K
  class space    used 4569K, committed 4736K, reserved 1048576K
}
Event: 3.319 GC heap before
{Heap before GC invocations=10 (full 0):
 garbage-first heap   total reserved 4126720K, committed 55296K, used 42977K [0x0000000704200000, 0x0000000800000000)
  region size 2048K, 12 young (24576K), 2 survivors (4096K)
 Metaspace       used 47946K, committed 48384K, reserved 1114112K
  class space    used 5072K, committed 5248K, reserved 1048576K
}
Event: 3.322 GC heap after
{Heap after GC invocations=11 (full 0):
 garbage-first heap   total reserved 4126720K, committed 55296K, used 23761K [0x0000000704200000, 0x0000000800000000)
  region size 2048K, 2 young (4096K), 2 survivors (4096K)
 Metaspace       used 47946K, committed 48384K, reserved 1114112K
  class space    used 5072K, committed 5248K, reserved 1048576K
}
Event: 3.564 GC heap before
{Heap before GC invocations=11 (full 0):
 garbage-first heap   total reserved 4126720K, committed 55296K, used 42193K [0x0000000704200000, 0x0000000800000000)
  region size 2048K, 12 young (24576K), 2 survivors (4096K)
 Metaspace       used 52520K, committed 52928K, reserved 1114112K
  class space    used 5537K, committed 5696K, reserved 1048576K
}
Event: 3.567 GC heap after
{Heap after GC invocations=12 (full 0):
 garbage-first heap   total reserved 4126720K, committed 157696K, used 25223K [0x0000000704200000, 0x0000000800000000)
  region size 2048K, 2 young (4096K), 2 survivors (4096K)
 Metaspace       used 52520K, committed 52928K, reserved 1114112K
  class space    used 5537K, committed 5696K, reserved 1048576K
}
Event: 3.926 GC heap before
{Heap before GC invocations=12 (full 0):
 garbage-first heap   total reserved 4126720K, committed 157696K, used 49799K [0x0000000704200000, 0x0000000800000000)
  region size 2048K, 16 young (32768K), 2 survivors (4096K)
 Metaspace       used 59994K, committed 60416K, reserved 1114112K
  class space    used 6346K, committed 6528K, reserved 1048576K
}
Event: 3.929 GC heap after
{Heap after GC invocations=13 (full 0):
 garbage-first heap   total reserved 4126720K, committed 157696K, used 25929K [0x0000000704200000, 0x0000000800000000)
  region size 2048K, 2 young (4096K), 2 survivors (4096K)
 Metaspace       used 59994K, committed 60416K, reserved 1114112K
  class space    used 6346K, committed 6528K, reserved 1048576K
}
Event: 4.486 GC heap before
{Heap before GC invocations=14 (full 0):
 garbage-first heap   total reserved 4126720K, committed 90112K, used 75081K [0x0000000704200000, 0x0000000800000000)
  region size 2048K, 26 young (53248K), 2 survivors (4096K)
 Metaspace       used 66844K, committed 67392K, reserved 1114112K
  class space    used 7193K, committed 7424K, reserved 1048576K
}
Event: 4.490 GC heap after
{Heap after GC invocations=15 (full 0):
 garbage-first heap   total reserved 4126720K, committed 90112K, used 29559K [0x0000000704200000, 0x0000000800000000)
  region size 2048K, 4 young (8192K), 4 survivors (8192K)
 Metaspace       used 66844K, committed 67392K, reserved 1114112K
  class space    used 7193K, committed 7424K, reserved 1048576K
}

